Copyright 1986-2021 Xilinx, Inc. All Rights Reserved.
---------------------------------------------------------------------------------------------
| Tool Version : Vivado v.2021.2 (win64) Build 3367213 Tue Oct 19 02:48:09 MDT 2021
| Date         : Sun Feb  6 19:46:27 2022
| Host         : blade running 64-bit major release  (build 9200)
| Command      : report_control_sets -verbose -file motor_driver_top_control_sets_placed.rpt
| Design       : motor_driver_top
| Device       : xc7a35t
---------------------------------------------------------------------------------------------

Control Set Information

Table of Contents
-----------------
1. Summary
2. Histogram
3. Flip-Flop Distribution
4. Detailed Control Set Information

1. Summary
----------

+----------------------------------------------------------+-------+
|                          Status                          | Count |
+----------------------------------------------------------+-------+
| Total control sets                                       |     5 |
|    Minimum number of control sets                        |     5 |
|    Addition due to synthesis replication                 |     0 |
|    Addition due to physical synthesis replication        |     0 |
| Unused register locations in slices containing registers |    20 |
+----------------------------------------------------------+-------+
* Control sets can be merged at opt_design using control_set_merge or merge_equivalent_drivers
** Run report_qor_suggestions for automated merging and remapping suggestions


2. Histogram
------------

+--------------------+-------+
|       Fanout       | Count |
+--------------------+-------+
| Total control sets |     5 |
| >= 0 to < 4        |     1 |
| >= 4 to < 6        |     0 |
| >= 6 to < 8        |     2 |
| >= 8 to < 10       |     0 |
| >= 10 to < 12      |     0 |
| >= 12 to < 14      |     0 |
| >= 14 to < 16      |     0 |
| >= 16              |     2 |
+--------------------+-------+
* Control sets can be remapped at either synth_design or opt_design


3. Flip-Flop Distribution
-------------------------

+--------------+-----------------------+------------------------+-----------------+--------------+
| Clock Enable | Synchronous Set/Reset | Asynchronous Set/Reset | Total Registers | Total Slices |
+--------------+-----------------------+------------------------+-----------------+--------------+
| No           | No                    | No                     |              50 |           15 |
| No           | No                    | Yes                    |               0 |            0 |
| No           | Yes                   | No                     |              26 |            7 |
| Yes          | No                    | No                     |               0 |            0 |
| Yes          | No                    | Yes                    |               0 |            0 |
| Yes          | Yes                   | No                     |               0 |            0 |
+--------------+-----------------------+------------------------+-----------------+--------------+


4. Detailed Control Set Information
-----------------------------------

+----------------------------+---------------+-----------------------------+------------------+----------------+--------------+
|        Clock Signal        | Enable Signal |       Set/Reset Signal      | Slice Load Count | Bel Load Count | Bels / Slice |
+----------------------------+---------------+-----------------------------+------------------+----------------+--------------+
|  u0/in_temp_reg[3]_i_2_n_0 |               |                             |                1 |              2 |         2.00 |
|  u0/width_reg[6]_i_2_n_0   |               |                             |                2 |              6 |         3.00 |
|  u0/in_temp_reg[3]_i_2_n_0 |               | u0/pwm_count_reg[6]_i_2_n_0 |                2 |              7 |         3.50 |
|  clk_IBUF_BUFG             |               | u1/reset                    |                5 |             19 |         3.80 |
|  clk_IBUF_BUFG             |               |                             |               12 |             42 |         3.50 |
+----------------------------+---------------+-----------------------------+------------------+----------------+--------------+


