
*** Running vivado
    with args -log motor_driver_top.vds -m64 -product Vivado -mode batch -messageDb vivado.pb -notrace -source motor_driver_top.tcl



****** Vivado v2021.2 (64-bit)
  **** SW Build 3367213 on Tue Oct 19 02:48:09 MDT 2021
  **** IP Build 3369179 on Thu Oct 21 08:25:16 MDT 2021
    ** Copyright 1986-2021 Xilinx, Inc. All Rights Reserved.

source motor_driver_top.tcl -notrace
Command: read_checkpoint -auto_incremental -incremental C:/Users/dirkt/Documents/School/plab1/projectLab1/code/VivaldoProjects/MotorMiniProject1/Motor_Mini_Project1.srcs/utils_1/imports/synth_1/motor_driver_top.dcp
INFO: [Vivado 12-5825] Read reference checkpoint from C:/Users/dirkt/Documents/School/plab1/projectLab1/code/VivaldoProjects/MotorMiniProject1/Motor_Mini_Project1.srcs/utils_1/imports/synth_1/motor_driver_top.dcp for incremental synthesis
INFO: [Vivado 12-7989] Please ensure there are no constraint changes
Command: synth_design -top motor_driver_top -part xc7a35tcpg236-1
Starting synth_design
Attempting to get a license for feature 'Synthesis' and/or device 'xc7a35t'
INFO: [Common 17-349] Got license for feature 'Synthesis' and/or device 'xc7a35t'
INFO: [Device 21-403] Loading part xc7a35tcpg236-1
WARNING: [Designutils 20-4072] Reference run did not run incremental synthesis because the design is too small; reverting to default synthesis
INFO: [Designutils 20-4379] Flow is switching to default flow due to incremental criteria not met. If you would like to alter this behaviour and have the flow terminate instead, please set the following parameter config_implementation {autoIncr.Synth.RejectBehavior Terminate}
INFO: [Synth 8-7079] Multithreading enabled for synth_design using a maximum of 2 processes.
INFO: [Synth 8-7078] Launching helper process for spawning children vivado processes
INFO: [Synth 8-7075] Helper process launched with PID 7640
---------------------------------------------------------------------------------
Starting RTL Elaboration : Time (s): cpu = 00:00:04 ; elapsed = 00:00:04 . Memory (MB): peak = 1261.707 ; gain = 0.000
---------------------------------------------------------------------------------
INFO: [Synth 8-6157] synthesizing module 'motor_driver_top' [C:/Users/dirkt/Documents/School/plab1/projectLab1/code/VivaldoProjects/MotorMiniProject1/seperate/motor_driver_top.v:22]
INFO: [Synth 8-6157] synthesizing module 'motor_controller' [C:/Users/dirkt/Documents/School/plab1/projectLab1/code/VivaldoProjects/MotorMiniProject1/seperate/motor_controller.v:3]
INFO: [Synth 8-6155] done synthesizing module 'motor_controller' (1#1) [C:/Users/dirkt/Documents/School/plab1/projectLab1/code/VivaldoProjects/MotorMiniProject1/seperate/motor_controller.v:3]
INFO: [Synth 8-6157] synthesizing module 'current_sensor' [C:/Users/dirkt/Documents/School/plab1/projectLab1/code/VivaldoProjects/MotorMiniProject1/seperate/current_sensor.v:1]
INFO: [Synth 8-6157] synthesizing module 'xadc_wiz_0' [C:/Users/dirkt/Documents/School/plab1/projectLab1/code/VivaldoProjects/MotorMiniProject1/Motor_Mini_Project1.runs/synth_1/.Xil/Vivado-9724-blade/realtime/xadc_wiz_0_stub.v:5]
INFO: [Synth 8-6155] done synthesizing module 'xadc_wiz_0' (2#1) [C:/Users/dirkt/Documents/School/plab1/projectLab1/code/VivaldoProjects/MotorMiniProject1/Motor_Mini_Project1.runs/synth_1/.Xil/Vivado-9724-blade/realtime/xadc_wiz_0_stub.v:5]
WARNING: [Synth 8-7071] port 'eos_out' of module 'xadc_wiz_0' is unconnected for instance 'XLXI_7' [C:/Users/dirkt/Documents/School/plab1/projectLab1/code/VivaldoProjects/MotorMiniProject1/seperate/current_sensor.v:26]
WARNING: [Synth 8-7023] instance 'XLXI_7' of module 'xadc_wiz_0' has 18 connections declared, but only 17 given [C:/Users/dirkt/Documents/School/plab1/projectLab1/code/VivaldoProjects/MotorMiniProject1/seperate/current_sensor.v:26]
WARNING: [Synth 8-6014] Unused sequential element decimal_reg was removed.  [C:/Users/dirkt/Documents/School/plab1/projectLab1/code/VivaldoProjects/MotorMiniProject1/seperate/current_sensor.v:51]
WARNING: [Synth 8-6014] Unused sequential element dig0_reg was removed.  [C:/Users/dirkt/Documents/School/plab1/projectLab1/code/VivaldoProjects/MotorMiniProject1/seperate/current_sensor.v:55]
WARNING: [Synth 8-6014] Unused sequential element dig1_reg was removed.  [C:/Users/dirkt/Documents/School/plab1/projectLab1/code/VivaldoProjects/MotorMiniProject1/seperate/current_sensor.v:56]
WARNING: [Synth 8-6014] Unused sequential element dig2_reg was removed.  [C:/Users/dirkt/Documents/School/plab1/projectLab1/code/VivaldoProjects/MotorMiniProject1/seperate/current_sensor.v:57]
WARNING: [Synth 8-6014] Unused sequential element dig3_reg was removed.  [C:/Users/dirkt/Documents/School/plab1/projectLab1/code/VivaldoProjects/MotorMiniProject1/seperate/current_sensor.v:58]
INFO: [Synth 8-6155] done synthesizing module 'current_sensor' (3#1) [C:/Users/dirkt/Documents/School/plab1/projectLab1/code/VivaldoProjects/MotorMiniProject1/seperate/current_sensor.v:1]
INFO: [Synth 8-6157] synthesizing module 'sevenseg_controller' [C:/Users/dirkt/Documents/School/plab1/projectLab1/code/VivaldoProjects/MotorMiniProject1/seperate/sevenseg_controller.v:8]
INFO: [Synth 8-6155] done synthesizing module 'sevenseg_controller' (4#1) [C:/Users/dirkt/Documents/School/plab1/projectLab1/code/VivaldoProjects/MotorMiniProject1/seperate/sevenseg_controller.v:8]
INFO: [Synth 8-6155] done synthesizing module 'motor_driver_top' (5#1) [C:/Users/dirkt/Documents/School/plab1/projectLab1/code/VivaldoProjects/MotorMiniProject1/seperate/motor_driver_top.v:22]
---------------------------------------------------------------------------------
Finished RTL Elaboration : Time (s): cpu = 00:00:05 ; elapsed = 00:00:05 . Memory (MB): peak = 1261.707 ; gain = 0.000
---------------------------------------------------------------------------------
---------------------------------------------------------------------------------
Start Handling Custom Attributes
---------------------------------------------------------------------------------
---------------------------------------------------------------------------------
Finished Handling Custom Attributes : Time (s): cpu = 00:00:05 ; elapsed = 00:00:06 . Memory (MB): peak = 1261.707 ; gain = 0.000
---------------------------------------------------------------------------------
---------------------------------------------------------------------------------
Finished RTL Optimization Phase 1 : Time (s): cpu = 00:00:05 ; elapsed = 00:00:06 . Memory (MB): peak = 1261.707 ; gain = 0.000
---------------------------------------------------------------------------------
Netlist sorting complete. Time (s): cpu = 00:00:00 ; elapsed = 00:00:00.003 . Memory (MB): peak = 1261.707 ; gain = 0.000
INFO: [Project 1-570] Preparing netlist for logic optimization

Processing XDC Constraints
Initializing timing engine
Parsing XDC File [C:/Users/dirkt/Documents/School/plab1/projectLab1/code/VivaldoProjects/MotorMiniProject1/Motor_Mini_Project1.runs/synth_1/.Xil/Vivado-9724-blade/xadc_wiz_0/xadc_wiz_0/xadc_wiz_0_in_context.xdc] for cell 'u1/XLXI_7'
Finished Parsing XDC File [C:/Users/dirkt/Documents/School/plab1/projectLab1/code/VivaldoProjects/MotorMiniProject1/Motor_Mini_Project1.runs/synth_1/.Xil/Vivado-9724-blade/xadc_wiz_0/xadc_wiz_0/xadc_wiz_0_in_context.xdc] for cell 'u1/XLXI_7'
Parsing XDC File [C:/Users/dirkt/Documents/School/plab1/projectLab1/code/VivaldoProjects/MotorMiniProject1/seperate/basys3_master.xdc]
Finished Parsing XDC File [C:/Users/dirkt/Documents/School/plab1/projectLab1/code/VivaldoProjects/MotorMiniProject1/seperate/basys3_master.xdc]
INFO: [Project 1-236] Implementation specific constraints were found while reading constraint file [C:/Users/dirkt/Documents/School/plab1/projectLab1/code/VivaldoProjects/MotorMiniProject1/seperate/basys3_master.xdc]. These constraints will be ignored for synthesis but will be used in implementation. Impacted constraints are listed in the file [.Xil/motor_driver_top_propImpl.xdc].
Resolution: To avoid this warning, move constraints listed in [.Xil/motor_driver_top_propImpl.xdc] to another XDC file and exclude this new file from synthesis with the used_in_synthesis property (File Properties dialog in GUI) and re-run elaboration/synthesis.
Parsing XDC File [C:/Users/dirkt/Documents/School/plab1/projectLab1/code/VivaldoProjects/MotorMiniProject1/Motor_Mini_Project1.runs/synth_1/dont_touch.xdc]
Finished Parsing XDC File [C:/Users/dirkt/Documents/School/plab1/projectLab1/code/VivaldoProjects/MotorMiniProject1/Motor_Mini_Project1.runs/synth_1/dont_touch.xdc]
Completed Processing XDC Constraints

Netlist sorting complete. Time (s): cpu = 00:00:00 ; elapsed = 00:00:00 . Memory (MB): peak = 1261.707 ; gain = 0.000
INFO: [Project 1-111] Unisim Transformation Summary:
No Unisim elements were transformed.

Constraint Validation Runtime : Time (s): cpu = 00:00:00 ; elapsed = 00:00:00.003 . Memory (MB): peak = 1261.707 ; gain = 0.000
WARNING: [Designutils 20-4072] Reference run did not run incremental synthesis because the design is too small; reverting to default synthesis
INFO: [Designutils 20-4379] Flow is switching to default flow due to incremental criteria not met. If you would like to alter this behaviour and have the flow terminate instead, please set the following parameter config_implementation {autoIncr.Synth.RejectBehavior Terminate}
---------------------------------------------------------------------------------
Finished Constraint Validation : Time (s): cpu = 00:00:11 ; elapsed = 00:00:11 . Memory (MB): peak = 1261.707 ; gain = 0.000
---------------------------------------------------------------------------------
---------------------------------------------------------------------------------
Start Loading Part and Timing Information
---------------------------------------------------------------------------------
Loading part: xc7a35tcpg236-1
---------------------------------------------------------------------------------
Finished Loading Part and Timing Information : Time (s): cpu = 00:00:11 ; elapsed = 00:00:11 . Memory (MB): peak = 1261.707 ; gain = 0.000
---------------------------------------------------------------------------------
---------------------------------------------------------------------------------
Start Applying 'set_property' XDC Constraints
---------------------------------------------------------------------------------
Applied set_property KEEP_HIERARCHY = SOFT for u1/XLXI_7. (constraint file  auto generated constraint).
---------------------------------------------------------------------------------
Finished applying 'set_property' XDC Constraints : Time (s): cpu = 00:00:11 ; elapsed = 00:00:11 . Memory (MB): peak = 1261.707 ; gain = 0.000
---------------------------------------------------------------------------------
---------------------------------------------------------------------------------
Finished RTL Optimization Phase 2 : Time (s): cpu = 00:00:11 ; elapsed = 00:00:12 . Memory (MB): peak = 1261.707 ; gain = 0.000
---------------------------------------------------------------------------------
---------------------------------------------------------------------------------
Start RTL Component Statistics 
---------------------------------------------------------------------------------
Detailed RTL Component Info : 
+---Registers : 
	                4 Bit    Registers := 4     
+---Muxes : 
	  17 Input    7 Bit        Muxes := 1     
	   2 Input    4 Bit        Muxes := 1     
	   5 Input    4 Bit        Muxes := 1     
	   4 Input    4 Bit        Muxes := 1     
	   2 Input    3 Bit        Muxes := 1     
---------------------------------------------------------------------------------
Finished RTL Component Statistics 
---------------------------------------------------------------------------------
---------------------------------------------------------------------------------
Start Part Resource Summary
---------------------------------------------------------------------------------
Part Resources:
DSPs: 90 (col length:60)
BRAMs: 100 (col length: RAMB18 60 RAMB36 30)
---------------------------------------------------------------------------------
Finished Part Resource Summary
---------------------------------------------------------------------------------
---------------------------------------------------------------------------------
Start Cross Boundary and Area Optimization
---------------------------------------------------------------------------------
WARNING: [Synth 8-7080] Parallel synthesis criteria is not met
DSP Report: Generating DSP dig46, operation Mode is: (A:0x3d090)*B.
DSP Report: operator dig46 is absorbed into DSP dig46.
---------------------------------------------------------------------------------
Finished Cross Boundary and Area Optimization : Time (s): cpu = 00:00:28 ; elapsed = 00:00:29 . Memory (MB): peak = 1423.535 ; gain = 161.828
---------------------------------------------------------------------------------
---------------------------------------------------------------------------------
Start ROM, RAM, DSP, Shift Register and Retiming Reporting
---------------------------------------------------------------------------------

DSP: Preliminary Mapping Report (see note below. The ' indicates corresponding REG is set)
+---------------+---------------+--------+--------+--------+--------+--------+------+------+------+------+-------+------+------+
|Module Name    | DSP Mapping   | A Size | B Size | C Size | D Size | P Size | AREG | BREG | CREG | DREG | ADREG | MREG | PREG | 
+---------------+---------------+--------+--------+--------+--------+--------+------+------+------+------+-------+------+------+
|current_sensor | (A:0x3d090)*B | 18     | 12     | -      | -      | 30     | 0    | 0    | -    | -    | -     | 0    | 0    | 
+---------------+---------------+--------+--------+--------+--------+--------+------+------+------+------+-------+------+------+

Note: The table above is a preliminary report that shows the DSPs inferred at the current stage of the synthesis flow. Some DSP may be reimplemented as non DSP primitives later in the synthesis flow. Multiple instantiated DSPs are reported only once.
---------------------------------------------------------------------------------
Finished ROM, RAM, DSP, Shift Register and Retiming Reporting
---------------------------------------------------------------------------------
---------------------------------------------------------------------------------
Start Applying XDC Timing Constraints
---------------------------------------------------------------------------------
---------------------------------------------------------------------------------
Finished Applying XDC Timing Constraints : Time (s): cpu = 00:00:36 ; elapsed = 00:00:36 . Memory (MB): peak = 1423.535 ; gain = 161.828
---------------------------------------------------------------------------------
---------------------------------------------------------------------------------
Start Timing Optimization
---------------------------------------------------------------------------------
---------------------------------------------------------------------------------
Finished Timing Optimization : Time (s): cpu = 00:00:37 ; elapsed = 00:00:38 . Memory (MB): peak = 1423.535 ; gain = 161.828
---------------------------------------------------------------------------------
---------------------------------------------------------------------------------
Start Technology Mapping
---------------------------------------------------------------------------------
---------------------------------------------------------------------------------
Finished Technology Mapping : Time (s): cpu = 00:00:37 ; elapsed = 00:00:38 . Memory (MB): peak = 1423.535 ; gain = 161.828
---------------------------------------------------------------------------------
---------------------------------------------------------------------------------
Start IO Insertion
---------------------------------------------------------------------------------
---------------------------------------------------------------------------------
Start Flattening Before IO Insertion
---------------------------------------------------------------------------------
---------------------------------------------------------------------------------
Finished Flattening Before IO Insertion
---------------------------------------------------------------------------------
---------------------------------------------------------------------------------
Start Final Netlist Cleanup
---------------------------------------------------------------------------------
---------------------------------------------------------------------------------
Finished Final Netlist Cleanup
---------------------------------------------------------------------------------
CRITICAL WARNING: [Synth 8-4442] BlackBox module \u1/XLXI_7  has unconnected pin di_in[15]
CRITICAL WARNING: [Synth 8-4442] BlackBox module \u1/XLXI_7  has unconnected pin di_in[14]
CRITICAL WARNING: [Synth 8-4442] BlackBox module \u1/XLXI_7  has unconnected pin di_in[13]
CRITICAL WARNING: [Synth 8-4442] BlackBox module \u1/XLXI_7  has unconnected pin di_in[12]
CRITICAL WARNING: [Synth 8-4442] BlackBox module \u1/XLXI_7  has unconnected pin di_in[11]
CRITICAL WARNING: [Synth 8-4442] BlackBox module \u1/XLXI_7  has unconnected pin di_in[10]
CRITICAL WARNING: [Synth 8-4442] BlackBox module \u1/XLXI_7  has unconnected pin di_in[9]
CRITICAL WARNING: [Synth 8-4442] BlackBox module \u1/XLXI_7  has unconnected pin di_in[8]
CRITICAL WARNING: [Synth 8-4442] BlackBox module \u1/XLXI_7  has unconnected pin di_in[7]
CRITICAL WARNING: [Synth 8-4442] BlackBox module \u1/XLXI_7  has unconnected pin di_in[6]
CRITICAL WARNING: [Synth 8-4442] BlackBox module \u1/XLXI_7  has unconnected pin di_in[5]
CRITICAL WARNING: [Synth 8-4442] BlackBox module \u1/XLXI_7  has unconnected pin di_in[4]
CRITICAL WARNING: [Synth 8-4442] BlackBox module \u1/XLXI_7  has unconnected pin di_in[3]
CRITICAL WARNING: [Synth 8-4442] BlackBox module \u1/XLXI_7  has unconnected pin di_in[2]
CRITICAL WARNING: [Synth 8-4442] BlackBox module \u1/XLXI_7  has unconnected pin di_in[1]
CRITICAL WARNING: [Synth 8-4442] BlackBox module \u1/XLXI_7  has unconnected pin di_in[0]
CRITICAL WARNING: [Synth 8-4442] BlackBox module \u1/XLXI_7  has unconnected pin dwe_in
---------------------------------------------------------------------------------
Finished IO Insertion : Time (s): cpu = 00:00:41 ; elapsed = 00:00:42 . Memory (MB): peak = 1423.535 ; gain = 161.828
---------------------------------------------------------------------------------
---------------------------------------------------------------------------------
Start Renaming Generated Instances
---------------------------------------------------------------------------------
---------------------------------------------------------------------------------
Finished Renaming Generated Instances : Time (s): cpu = 00:00:41 ; elapsed = 00:00:42 . Memory (MB): peak = 1423.535 ; gain = 161.828
---------------------------------------------------------------------------------
---------------------------------------------------------------------------------
Start Rebuilding User Hierarchy
---------------------------------------------------------------------------------
---------------------------------------------------------------------------------
Finished Rebuilding User Hierarchy : Time (s): cpu = 00:00:41 ; elapsed = 00:00:42 . Memory (MB): peak = 1423.535 ; gain = 161.828
---------------------------------------------------------------------------------
---------------------------------------------------------------------------------
Start Renaming Generated Ports
---------------------------------------------------------------------------------
---------------------------------------------------------------------------------
Finished Renaming Generated Ports : Time (s): cpu = 00:00:41 ; elapsed = 00:00:42 . Memory (MB): peak = 1423.535 ; gain = 161.828
---------------------------------------------------------------------------------
---------------------------------------------------------------------------------
Start Handling Custom Attributes
---------------------------------------------------------------------------------
---------------------------------------------------------------------------------
Finished Handling Custom Attributes : Time (s): cpu = 00:00:41 ; elapsed = 00:00:42 . Memory (MB): peak = 1423.535 ; gain = 161.828
---------------------------------------------------------------------------------
---------------------------------------------------------------------------------
Start Renaming Generated Nets
---------------------------------------------------------------------------------
---------------------------------------------------------------------------------
Finished Renaming Generated Nets : Time (s): cpu = 00:00:41 ; elapsed = 00:00:42 . Memory (MB): peak = 1423.535 ; gain = 161.828
---------------------------------------------------------------------------------
---------------------------------------------------------------------------------
Start Writing Synthesis Report
---------------------------------------------------------------------------------

Report BlackBoxes: 
+------+--------------+----------+
|      |BlackBox name |Instances |
+------+--------------+----------+
|1     |xadc_wiz_0    |         1|
+------+--------------+----------+

Report Cell Usage: 
+------+---------+------+
|      |Cell     |Count |
+------+---------+------+
|1     |xadc_wiz |     1|
|2     |BUFG     |     1|
|3     |CARRY4   |    36|
|4     |DSP48E1  |     1|
|5     |LUT1     |     6|
|6     |LUT2     |    74|
|7     |LUT3     |    38|
|8     |LUT4     |    42|
|9     |LUT5     |    28|
|10    |LUT6     |    92|
|11    |FDRE     |    81|
|12    |FDSE     |     1|
|13    |IBUF     |    13|
|14    |OBUF     |    23|
+------+---------+------+
---------------------------------------------------------------------------------
Finished Writing Synthesis Report : Time (s): cpu = 00:00:41 ; elapsed = 00:00:42 . Memory (MB): peak = 1423.535 ; gain = 161.828
---------------------------------------------------------------------------------
Synthesis finished with 0 errors, 17 critical warnings and 1 warnings.
Synthesis Optimization Runtime : Time (s): cpu = 00:00:35 ; elapsed = 00:00:41 . Memory (MB): peak = 1423.535 ; gain = 161.828
Synthesis Optimization Complete : Time (s): cpu = 00:00:42 ; elapsed = 00:00:42 . Memory (MB): peak = 1423.535 ; gain = 161.828
INFO: [Project 1-571] Translating synthesized netlist
Netlist sorting complete. Time (s): cpu = 00:00:00 ; elapsed = 00:00:00.004 . Memory (MB): peak = 1423.535 ; gain = 0.000
INFO: [Netlist 29-17] Analyzing 37 Unisim elements for replacement
INFO: [Netlist 29-28] Unisim Transformation completed in 0 CPU seconds
INFO: [Project 1-570] Preparing netlist for logic optimization
INFO: [Opt 31-138] Pushed 0 inverter(s) to 0 load pin(s).
Netlist sorting complete. Time (s): cpu = 00:00:00 ; elapsed = 00:00:00.001 . Memory (MB): peak = 1423.535 ; gain = 0.000
INFO: [Project 1-111] Unisim Transformation Summary:
No Unisim elements were transformed.

Synth Design complete, checksum: 6772fc44
INFO: [Common 17-83] Releasing license: Synthesis
29 Infos, 10 Warnings, 17 Critical Warnings and 0 Errors encountered.
synth_design completed successfully
synth_design: Time (s): cpu = 00:00:45 ; elapsed = 00:00:46 . Memory (MB): peak = 1423.535 ; gain = 161.828
INFO: [runtcl-6] Synthesis results are not added to the cache due to CRITICAL_WARNING
INFO: [Common 17-1381] The checkpoint 'C:/Users/dirkt/Documents/School/plab1/projectLab1/code/VivaldoProjects/MotorMiniProject1/Motor_Mini_Project1.runs/synth_1/motor_driver_top.dcp' has been generated.
INFO: [runtcl-4] Executing : report_utilization -file motor_driver_top_utilization_synth.rpt -pb motor_driver_top_utilization_synth.pb
INFO: [Common 17-206] Exiting Vivado at Tue Feb  8 14:16:54 2022...
