Copyright 1986-2021 Xilinx, Inc. All Rights Reserved.
------------------------------------------------------------------------------------------------------------------
| Tool Version : Vivado v.2021.2 (win64) Build 3367213 Tue Oct 19 02:48:09 MDT 2021
| Date         : Thu Mar 24 16:35:57 2022
| Host         : blade running 64-bit major release  (build 9200)
| Command      : report_drc -file final_top_drc_opted.rpt -pb final_top_drc_opted.pb -rpx final_top_drc_opted.rpx
| Design       : final_top
| Device       : xc7a35tcpg236-1
| Speed File   : -1
| Design State : Synthesized
------------------------------------------------------------------------------------------------------------------

Report DRC

Table of Contents
-----------------
1. REPORT SUMMARY
2. REPORT DETAILS

1. REPORT SUMMARY
-----------------
            Netlist: netlist
          Floorplan: design_1
      Design limits: <entire design considered>
           Ruledeck: default
             Max violations: <unlimited>
             Violations found: 2
+-------------+----------+-------------------------------------------------------------+------------+
| Rule        | Severity | Description                                                 | Violations |
+-------------+----------+-------------------------------------------------------------+------------+
| CFGBVS-1    | Warning  | Missing CFGBVS and CONFIG_VOLTAGE Design Properties         | 1          |
| PLHOLDVIO-2 | Warning  | Non-Optimal connections which could lead to hold violations | 1          |
+-------------+----------+-------------------------------------------------------------+------------+

2. REPORT DETAILS
-----------------
CFGBVS-1#1 Warning
Missing CFGBVS and CONFIG_VOLTAGE Design Properties  
Neither the CFGBVS nor CONFIG_VOLTAGE voltage property is set in the current_design.  Configuration bank voltage select (CFGBVS) must be set to VCCO or GND, and CONFIG_VOLTAGE must be set to the correct configuration voltage, in order to determine the I/O voltage support for the pins in bank 0.  It is suggested to specify these either using the 'Edit Device Properties' function in the GUI or directly in the XDC file using the following syntax:

 set_property CFGBVS value1 [current_design]
 #where value1 is either VCCO or GND

 set_property CONFIG_VOLTAGE value2 [current_design]
 #where value2 is the voltage provided to configuration bank 0

Refer to the device configuration user guide for more information.
Related violations: <none>

PLHOLDVIO-2#1 Warning
Non-Optimal connections which could lead to hold violations  
A LUT u2/pwmSize[16]_i_2 is driving clock pin of 23 cells. This could lead to large hold time violations. Involved cells are:
u2/inTemp_reg[0], u2/inTemp_reg[1], u2/inTemp_reg[2], u2/inTemp_reg[3],
u2/pwmSize_reg[11], u2/pwmSize_reg[16], u2/widthCounter_reg[0],
u2/widthCounter_reg[10], u2/widthCounter_reg[11], u2/widthCounter_reg[12],
u2/widthCounter_reg[13], u2/widthCounter_reg[14], u2/widthCounter_reg[15],
u2/widthCounter_reg[16], u2/widthCounter_reg[1]
 (the first 15 of 23 listed)
Related violations: <none>


